<?xml version="1.0" encoding="UTF-8"?>
<!-- Generated by org.testng.reporters.JUnitReportReporter -->
<testsuite hostname="DESKTOP-RQO5TII" failures="0" tests="3" name="testNG_Examples.Priorties_Ex2" time="0.019" errors="0" timestamp="2024-05-12T09:45:19 IST" skipped="0">
  <testcase classname="testNG_Examples.Priorties_Ex2" name="enterURL" time="0.012"/>
  <testcase classname="testNG_Examples.Priorties_Ex2" name="driverinitialize" time="0.002"/>
  <testcase classname="testNG_Examples.Priorties_Ex2" name="entercredential" time="0.005"/>
</testsuite> <!-- testNG_Examples.Priorties_Ex2 -->
