<?xml version="1.0" encoding="UTF-8"?>
<!-- Generated by org.testng.reporters.JUnitReportReporter -->
<testsuite hostname="DESKTOP-RQO5TII" failures="0" tests="2" name="testNG_Examples.Enabled_Ex3" time="0.010" errors="0" timestamp="2024-05-12T09:53:49 IST" skipped="1">
  <testcase classname="testNG_Examples.Enabled_Ex3" name="enterURL" time="0.010"/>
  <testcase classname="testNG_Examples.Enabled_Ex3" name="driverinitialize">
    <skipped/>
  </testcase> <!-- driverinitialize -->
</testsuite> <!-- testNG_Examples.Enabled_Ex3 -->
