<?xml version="1.0" encoding="UTF-8"?>
<!-- Generated by org.testng.reporters.JUnitReportReporter -->
<testsuite hostname="DESKTOP-RQO5TII" failures="0" tests="2" name="testNG.testecase" time="0.009" errors="0" timestamp="2024-05-11T19:43:49 IST" skipped="0">
  <testcase classname="testNG.testecase" name="z1" time="0.002"/>
  <testcase classname="testNG.testecase" name="m1" time="0.007"/>
</testsuite> <!-- testNG.testecase -->
