<?xml version="1.0" encoding="UTF-8"?>
<!-- Generated by org.testng.reporters.JUnitReportReporter -->
<testsuite hostname="DESKTOP-RQO5TII" failures="0" tests="4" name="testNG.Priorties" time="0.015" errors="0" timestamp="2024-05-11T19:56:48 IST" skipped="0">
  <testcase classname="testNG.Priorties" name="driverinitialize" time="0.010"/>
  <testcase classname="testNG.Priorties" name="enterURL" time="0.003"/>
  <testcase classname="testNG.Priorties" name="entercredential" time="0.001"/>
  <testcase classname="testNG.Priorties" name="driverClosing" time="0.001"/>
</testsuite> <!-- testNG.Priorties -->
