<?xml version="1.0" encoding="UTF-8"?>
<!-- Generated by org.testng.reporters.JUnitReportReporter -->
<testsuite hostname="DESKTOP-RQO5TII" failures="0" tests="2" name="testNG_Examples.DependsON_MethodsEx" time="0.013" errors="0" timestamp="2024-05-12T10:04:26 IST" skipped="0">
  <testcase classname="testNG_Examples.DependsON_MethodsEx" name="driverinitialize" time="0.011"/>
  <testcase classname="testNG_Examples.DependsON_MethodsEx" name="enterURL" time="0.002"/>
</testsuite> <!-- testNG_Examples.DependsON_MethodsEx -->
